<?xml version="1.0" encoding="UTF-8"?>
<!-- Generated by org.testng.reporters.JUnitReportReporter -->
<testsuite hostname="BhavanaKarre" failures="0" tests="1" name="Demotest.demoTest" time="10.318" errors="0" timestamp="2025-05-09T11:00:49 IST" skipped="0">
  <testcase classname="Demotest.demoTest" name="m1" time="10.318"/>
</testsuite> <!-- Demotest.demoTest -->
