<?xml version="1.0" encoding="UTF-8"?>
<!-- Generated by org.testng.reporters.JUnitReportReporter -->
<testsuite hostname="BhavanaKarre" failures="0" tests="1" name="Demotest.demotest1" time="12.704" errors="0" timestamp="2025-05-09T10:57:11 IST" skipped="0">
  <testcase classname="Demotest.demotest1" name="m1" time="12.704"/>
</testsuite> <!-- Demotest.demotest1 -->
